# JRE version: Java(TM) SE Runtime Environment (8.0_144-b01) (build 1.8.0_144-b01)
# Java VM: Java HotSpot(TM) Client VM (25.144-b01 mixed mode windows-x86 )
Heap:
 def new generation   total 216576K, used 2214K [0x04800000, 0x132f0000, 0x19d50000)
  eden space 192576K,   0% used [0x04800000, 0x04800000, 0x10410000)
  from space 24000K,   9% used [0x10410000, 0x10639af0, 0x11b80000)
  to   space 24000K,   0% used [0x11b80000, 0x11b80000, 0x132f0000)
 tenured generation   total 584284K, used 498757K [0x19d50000, 0x3d7e7000, 0x44800000)
   the space 584284K,  85% used [0x19d50000, 0x38461790, 0x38461800, 0x3d7e7000)
 Metaspace       used 50236K, capacity 52247K, committed 53248K, reserved 53632K
GC Heap History (10 events):
Event: 18370.739 GC heap after
Heap after GC invocations=286 (full 36):
 def new generation   total 216576K, used 24000K [0x04800000, 0x132f0000, 0x19d50000)
  eden space 192576K,   0% used [0x04800000, 0x04800000, 0x10410000)
  from space 24000K, 100% used [0x11b80000, 0x132f0000, 0x132f0000)
  to   space 24000K,   0% used [0x10410000, 0x10410000, 0x11b80000)
 tenured generation   total 480920K, used 288863K [0x19d50000, 0x372f6000, 0x44800000)
   the space 480920K,  60% used [0x19d50000, 0x2b767d98, 0x2b767e00, 0x372f6000)
 Metaspace       used 50199K, capacity 52199K, committed 53248K, reserved 53632K
}
Event: 18375.645 GC heap before
{Heap before GC invocations=286 (full 36):
 def new generation   total 216576K, used 216576K [0x04800000, 0x132f0000, 0x19d50000)
  eden space 192576K, 100% used [0x04800000, 0x10410000, 0x10410000)
  from space 24000K, 100% used [0x11b80000, 0x132f0000, 0x132f0000)
  to   space 24000K,   0% used [0x10410000, 0x10410000, 0x11b80000)
 tenured generation   total 480920K, used 288863K [0x19d50000, 0x372f6000, 0x44800000)
   the space 480920K,  60% used [0x19d50000, 0x2b767d98, 0x2b767e00, 0x372f6000)
 Metaspace       used 50216K, capacity 52209K, committed 53248K, reserved 53632K
Event: 18375.767 GC heap after
Heap after GC invocations=287 (full 36):
 def new generation   total 216576K, used 24000K [0x04800000, 0x132f0000, 0x19d50000)
  eden space 192576K,   0% used [0x04800000, 0x04800000, 0x10410000)
  from space 24000K, 100% used [0x10410000, 0x11b80000, 0x11b80000)
  to   space 24000K,   0% used [0x11b80000, 0x11b80000, 0x132f0000)
 tenured generation   total 480920K, used 322112K [0x19d50000, 0x372f6000, 0x44800000)
   the space 480920K,  66% used [0x19d50000, 0x2d7e0360, 0x2d7e0400, 0x372f6000)
 Metaspace       used 50216K, capacity 52209K, committed 53248K, reserved 53632K
}
Event: 18387.709 GC heap before
{Heap before GC invocations=287 (full 36):
 def new generation   total 216576K, used 216536K [0x04800000, 0x132f0000, 0x19d50000)
  eden space 192576K,  99% used [0x04800000, 0x10406040, 0x10410000)
  from space 24000K, 100% used [0x10410000, 0x11b80000, 0x11b80000)
  to   space 24000K,   0% used [0x11b80000, 0x11b80000, 0x132f0000)
 tenured generation   total 480920K, used 322112K [0x19d50000, 0x372f6000, 0x44800000)
   the space 480920K,  66% used [0x19d50000, 0x2d7e0360, 0x2d7e0400, 0x372f6000)
 Metaspace       used 50236K, capacity 52247K, committed 53248K, reserved 53632K
Event: 18387.744 GC heap after
Heap after GC invocations=288 (full 36):
 def new generation   total 216576K, used 14492K [0x04800000, 0x132f0000, 0x19d50000)
  eden space 192576K,   0% used [0x04800000, 0x04800000, 0x10410000)
  from space 24000K,  60% used [0x11b80000, 0x129a71c8, 0x132f0000)
  to   space 24000K,   0% used [0x10410000, 0x10410000, 0x11b80000)
 tenured generation   total 480920K, used 327935K [0x19d50000, 0x372f6000, 0x44800000)
   the space 480920K,  68% used [0x19d50000, 0x2dd8fe38, 0x2dd90000, 0x372f6000)
 Metaspace       used 50236K, capacity 52247K, committed 53248K, reserved 53632K
}
Event: 18388.859 GC heap before
{Heap before GC invocations=288 (full 36):
 def new generation   total 216576K, used 173878K [0x04800000, 0x132f0000, 0x19d50000)
  eden space 192576K,  82% used [0x04800000, 0x0e3a6900, 0x10410000)
  from space 24000K,  60% used [0x11b80000, 0x129a71c8, 0x132f0000)
  to   space 24000K,   0% used [0x10410000, 0x10410000, 0x11b80000)
 tenured generation   total 480920K, used 327935K [0x19d50000, 0x372f6000, 0x44800000)
   the space 480920K,  68% used [0x19d50000, 0x2dd8fe38, 0x2dd90000, 0x372f6000)
 Metaspace       used 50236K, capacity 52247K, committed 53248K, reserved 53632K
Event: 18388.892 GC heap after
Heap after GC invocations=289 (full 36):
 def new generation   total 216576K, used 2251K [0x04800000, 0x132f0000, 0x19d50000)
  eden space 192576K,   0% used [0x04800000, 0x04800000, 0x10410000)
  from space 24000K,   9% used [0x10410000, 0x10642e20, 0x11b80000)
  to   space 24000K,   0% used [0x11b80000, 0x11b80000, 0x132f0000)
 tenured generation   total 480920K, used 369557K [0x19d50000, 0x372f6000, 0x44800000)
   the space 480920K,  76% used [0x19d50000, 0x30635770, 0x30635800, 0x372f6000)
 Metaspace       used 50236K, capacity 52247K, committed 53248K, reserved 53632K
}
Event: 18390.143 GC heap before
{Heap before GC invocations=289 (full 36):
 def new generation   total 216576K, used 161284K [0x04800000, 0x132f0000, 0x19d50000)
  eden space 192576K,  82% used [0x04800000, 0x0e34e3e0, 0x10410000)
  from space 24000K,   9% used [0x10410000, 0x10642e20, 0x11b80000)
  to   space 24000K,   0% used [0x11b80000, 0x11b80000, 0x132f0000)
 tenured generation   total 480920K, used 369557K [0x19d50000, 0x372f6000, 0x44800000)
   the space 480920K,  76% used [0x19d50000, 0x30635770, 0x30635800, 0x372f6000)
 Metaspace       used 50236K, capacity 52247K, committed 53248K, reserved 53632K
Event: 18390.168 GC heap after
Heap after GC invocations=290 (full 36):
 def new generation   total 216576K, used 2243K [0x04800000, 0x132f0000, 0x19d50000)
  eden space 192576K,   0% used [0x04800000, 0x04800000, 0x10410000)
  from space 24000K,   9% used [0x11b80000, 0x11db0c98, 0x132f0000)
  to   space 24000K,   0% used [0x10410000, 0x10410000, 0x11b80000)
 tenured generation   total 480920K, used 395397K [0x19d50000, 0x372f6000, 0x44800000)
   the space 480920K,  82% used [0x19d50000, 0x31f71780, 0x31f71800, 0x372f6000)
 Metaspace       used 50236K, capacity 52247K, committed 53248K, reserved 53632K
}
Event: 18391.563 GC heap before
{Heap before GC invocations=290 (full 36):
 def new generation   total 216576K, used 165088K [0x04800000, 0x132f0000, 0x19d50000)
  eden space 192576K,  84% used [0x04800000, 0x0e707750, 0x10410000)
  from space 24000K,   9% used [0x11b80000, 0x11db0c98, 0x132f0000)
  to   space 24000K,   0% used [0x10410000, 0x10410000, 0x11b80000)
 tenured generation   total 480920K, used 395397K [0x19d50000, 0x372f6000, 0x44800000)
   the space 480920K,  82% used [0x19d50000, 0x31f71780, 0x31f71800, 0x372f6000)
 Metaspace       used 50236K, capacity 52247K, committed 53248K, reserved 53632K

